Flow report for top
Wed Jun  4 15:59:18 2025
Quartus Prime Version 22.1std.2 Build 922 07/20/2023 SC Lite Edition


---------------------
; Table of Contents ;
---------------------
  1. Legal Notice
  2. Flow Summary
  3. Flow Settings
  4. Flow Non-Default Global Settings
  5. Flow Elapsed Time
  6. Flow OS Summary
  7. Flow Log
  8. Flow Messages
  9. Flow Suppressed Messages



----------------
; Legal Notice ;
----------------
Copyright (C) 2023  Intel Corporation. All rights reserved.
Your use of Intel Corporation's design tools, logic functions 
and other software and tools, and any partner logic 
functions, and any output files from any of the foregoing 
(including device programming or simulation files), and any 
associated documentation or information are expressly subject 
to the terms and conditions of the Intel Program License 
Subscription Agreement, the Intel Quartus Prime License Agreement,
the Intel FPGA IP License Agreement, or other applicable license
agreement, including, without limitation, that your use is for
the sole purpose of programming logic devices manufactured by
Intel and sold by Intel or its authorized distributors.  Please
refer to the applicable agreement for further details, at
https://fpgasoftware.intel.com/eula.



+-------------------------------------------------------------------------------------+
; Flow Summary                                                                        ;
+------------------------------------+------------------------------------------------+
; Flow Status                        ; Successful - Wed Jun  4 15:59:18 2025          ;
; Quartus Prime Version              ; 22.1std.2 Build 922 07/20/2023 SC Lite Edition ;
; Revision Name                      ; top                                            ;
; Top-level Entity Name              ; top                                            ;
; Family                             ; MAX 10                                         ;
; Device                             ; 10M50DAF484C7G                                 ;
; Timing Models                      ; Final                                          ;
; Total logic elements               ; 2,803 / 49,760 ( 6 % )                         ;
;     Total combinational functions  ; 2,665 / 49,760 ( 5 % )                         ;
;     Dedicated logic registers      ; 1,141 / 49,760 ( 2 % )                         ;
; Total registers                    ; 1141                                           ;
; Total pins                         ; 72 / 360 ( 20 % )                              ;
; Total virtual pins                 ; 0                                              ;
; Total memory bits                  ; 1,035,264 / 1,677,312 ( 62 % )                 ;
; Embedded Multiplier 9-bit elements ; 0 / 288 ( 0 % )                                ;
; Total PLLs                         ; 0 / 4 ( 0 % )                                  ;
; UFM blocks                         ; 0 / 1 ( 0 % )                                  ;
; ADC blocks                         ; 0 / 2 ( 0 % )                                  ;
+------------------------------------+------------------------------------------------+


+-----------------------------------------+
; Flow Settings                           ;
+-------------------+---------------------+
; Option            ; Setting             ;
+-------------------+---------------------+
; Start date & time ; 06/04/2025 15:56:42 ;
; Main task         ; Compilation         ;
; Revision Name     ; top                 ;
+-------------------+---------------------+


+-----------------------------------------------------------------------------------------------------------------------------------------------------------------+
; Flow Non-Default Global Settings                                                                                                                                ;
+-------------------------------------+---------------------------------------------------------+---------------+-------------+-----------------------------------+
; Assignment Name                     ; Value                                                   ; Default Value ; Entity Name ; Section Id                        ;
+-------------------------------------+---------------------------------------------------------+---------------+-------------+-----------------------------------+
; COMPILER_SIGNATURE_ID               ; 168202116971803.174904540212612                         ; --            ; --          ; --                                ;
; EDA_GENERATE_FUNCTIONAL_NETLIST     ; Off                                                     ; --            ; --          ; eda_board_design_timing           ;
; EDA_GENERATE_FUNCTIONAL_NETLIST     ; Off                                                     ; --            ; --          ; eda_board_design_boundary_scan    ;
; EDA_GENERATE_FUNCTIONAL_NETLIST     ; Off                                                     ; --            ; --          ; eda_board_design_signal_integrity ;
; EDA_GENERATE_FUNCTIONAL_NETLIST     ; Off                                                     ; --            ; --          ; eda_board_design_symbol           ;
; EDA_OUTPUT_DATA_FORMAT              ; Vhdl                                                    ; --            ; --          ; eda_simulation                    ;
; EDA_SIMULATION_TOOL                 ; ModelSim (VHDL)                                         ; <None>        ; --          ; --                                ;
; EDA_TIME_SCALE                      ; 1 ps                                                    ; --            ; --          ; eda_simulation                    ;
; MAX_CORE_JUNCTION_TEMP              ; 85                                                      ; --            ; --          ; --                                ;
; MIN_CORE_JUNCTION_TEMP              ; 0                                                       ; --            ; --          ; --                                ;
; MISC_FILE                           ; nios2/synthesis/../nios2.cmp                            ; --            ; --          ; --                                ;
; MISC_FILE                           ; nios2/synthesis/../../nios2.qsys                        ; --            ; --          ; --                                ;
; OUTPUT_IO_TIMING_FAR_END_VMEAS      ; Half Signal Swing                                       ; --            ; --          ; --                                ;
; OUTPUT_IO_TIMING_FAR_END_VMEAS      ; Half Signal Swing                                       ; --            ; --          ; --                                ;
; OUTPUT_IO_TIMING_NEAR_END_VMEAS     ; Half Vccio                                              ; --            ; --          ; --                                ;
; OUTPUT_IO_TIMING_NEAR_END_VMEAS     ; Half Vccio                                              ; --            ; --          ; --                                ;
; PARTITION_COLOR                     ; -- (Not supported for targeted family)                  ; --            ; --          ; Top                               ;
; PARTITION_FITTER_PRESERVATION_LEVEL ; -- (Not supported for targeted family)                  ; --            ; --          ; Top                               ;
; PARTITION_NETLIST_TYPE              ; -- (Not supported for targeted family)                  ; --            ; --          ; Top                               ;
; POWER_BOARD_THERMAL_MODEL           ; None (CONSERVATIVE)                                     ; --            ; --          ; --                                ;
; POWER_PRESET_COOLING_SOLUTION       ; 23 MM HEAT SINK WITH 200 LFPM AIRFLOW                   ; --            ; --          ; --                                ;
; PROJECT_OUTPUT_DIRECTORY            ; output_files                                            ; --            ; --          ; --                                ;
; SLD_FILE                            ; nios2/synthesis/nios2.regmap                            ; --            ; --          ; --                                ;
; SLD_FILE                            ; nios2/synthesis/nios2.debuginfo                         ; --            ; --          ; --                                ;
; SLD_INFO                            ; QSYS_NAME nios2 HAS_SOPCINFO 1 GENERATION_ID 1748939821 ; --            ; nios2       ; --                                ;
; SOPCINFO_FILE                       ; nios2/synthesis/../../nios2.sopcinfo                    ; --            ; --          ; --                                ;
; SYNTHESIS_ONLY_QIP                  ; On                                                      ; --            ; --          ; --                                ;
+-------------------------------------+---------------------------------------------------------+---------------+-------------+-----------------------------------+


+--------------------------------------------------------------------------------------------------------------------------+
; Flow Elapsed Time                                                                                                        ;
+----------------------+--------------+-------------------------+---------------------+------------------------------------+
; Module Name          ; Elapsed Time ; Average Processors Used ; Peak Virtual Memory ; Total CPU Time (on all processors) ;
+----------------------+--------------+-------------------------+---------------------+------------------------------------+
; Analysis & Synthesis ; 00:01:12     ; 1.0                     ; 4934 MB             ; 00:01:21                           ;
; Fitter               ; 00:00:43     ; 1.3                     ; 5692 MB             ; 00:00:41                           ;
; Assembler            ; 00:00:09     ; 1.0                     ; 4755 MB             ; 00:00:07                           ;
; Timing Analyzer      ; 00:00:11     ; 1.8                     ; 4886 MB             ; 00:00:12                           ;
; EDA Netlist Writer   ; 00:00:04     ; 1.0                     ; 4697 MB             ; 00:00:03                           ;
; Total                ; 00:02:19     ; --                      ; --                  ; 00:02:24                           ;
+----------------------+--------------+-------------------------+---------------------+------------------------------------+


+------------------------------------------------------------------------------------+
; Flow OS Summary                                                                    ;
+----------------------+------------------+------------+------------+----------------+
; Module Name          ; Machine Hostname ; OS Name    ; OS Version ; Processor type ;
+----------------------+------------------+------------+------------+----------------+
; Analysis & Synthesis ; DESKTOP-76VUVR7  ; Windows 10 ; 10.0       ; x86_64         ;
; Fitter               ; DESKTOP-76VUVR7  ; Windows 10 ; 10.0       ; x86_64         ;
; Assembler            ; DESKTOP-76VUVR7  ; Windows 10 ; 10.0       ; x86_64         ;
; Timing Analyzer      ; DESKTOP-76VUVR7  ; Windows 10 ; 10.0       ; x86_64         ;
; EDA Netlist Writer   ; DESKTOP-76VUVR7  ; Windows 10 ; 10.0       ; x86_64         ;
+----------------------+------------------+------------+------------+----------------+


------------
; Flow Log ;
------------
quartus_map --read_settings_files=on --write_settings_files=off calc -c top
quartus_fit --read_settings_files=off --write_settings_files=off calc -c top
quartus_asm --read_settings_files=off --write_settings_files=off calc -c top
quartus_sta calc -c top
quartus_eda --read_settings_files=off --write_settings_files=off calc -c top



